#
# There is insufficient memory for the Java Runtime Environment to continue.
# Native memory allocation (malloc) failed to allocate 32744 bytes for ChunkPool::allocate
# Possible reasons:
#   The system is out of physical RAM or swap space
#   In 32 bit mode, the process size limit was hit
# Possible solutions:
#   Reduce memory load on the system
#   Increase physical memory or swap space
#   Check if swap backing store is full
#   Use 64 bit Java on a 64 bit OS
#   Decrease Java heap size (-Xmx/-Xms)
#   Decrease number of Java threads
#   Decrease Java thread stack sizes (-Xss)
#   Set larger code cache with -XX:ReservedCodeCacheSize=
# This output file may be truncated or incomplete.
#
#  Out of Memory Error (allocation.cpp:273), pid=30276, tid=0x0000000000008158
#
# JRE version: Java(TM) SE Runtime Environment (8.0_131-b11) (build 1.8.0_131-b11)
# Java VM: Java HotSpot(TM) 64-Bit Server VM (25.131-b11 mixed mode windows-amd64 compressed oops)
# Failed to write core dump. Minidumps are not enabled by default on client versions of Windows
#

---------------  T H R E A D  ---------------

Current thread (0x000000005672a000):  JavaThread "C1 CompilerThread2" daemon [_thread_in_native, id=33112, stack(0x0000000057290000,0x0000000057390000)]

Stack: [0x0000000057290000,0x0000000057390000]
[error occurred during error reporting (printing stack bounds), id 0xc0000005]

Native frames: (J=compiled Java code, j=interpreted, Vv=VM code, C=native code)


Current CompileTask:
C1:   5562 1649       3       java.util.Formatter::
[error occurred during error reporting (printing current compile task), id 0xe0000001]


---------------  P R O C E S S  ---------------

Java Threads: ( => current thread )
  0x0000000058194800 JavaThread "Stdin handler" [_thread_blocked, id=27856, stack(0x00000000598a0000,0x00000000599a0000)]
  0x0000000058148800 JavaThread "Daemon worker" [_thread_in_Java, id=33144, stack(0x00000000595f0000,0x00000000596f0000)]
  0x0000000058190000 JavaThread "Cancel handler" [_thread_blocked, id=33272, stack(0x00000000592d0000,0x00000000593d0000)]
  0x00000000580ea000 JavaThread "Handler for socket connection from /127.0.0.1:53279 to /127.0.0.1:53281" [_thread_in_native, id=33496, stack(0x00000000594e0000,0x00000000595e0000)]
  0x00000000580e9000 JavaThread "Daemon" [_thread_blocked, id=33516, stack(0x00000000593e0000,0x00000000594e0000)]
  0x0000000058232000 JavaThread "Incoming local TCP Connector on port 53279" [_thread_in_native, id=15388, stack(0x0000000058f80000,0x0000000059080000)]
  0x000000005543f000 JavaThread "Service Thread" daemon [_thread_blocked, id=34232, stack(0x00000000573f0000,0x00000000574f0000)]
=>0x000000005672a000 JavaThread "C1 CompilerThread2" daemon [_thread_in_native, id=33112, stack(0x0000000057290000,0x0000000057390000)]
  0x0000000056728800 JavaThread "C2 CompilerThread1" daemon [_thread_in_native, id=33348, stack(0x0000000057160000,0x0000000057260000)]
  0x0000000056723800 JavaThread "C2 CompilerThread0" daemon [_thread_in_native, id=13736, stack(0x0000000056f40000,0x0000000057040000)]
  0x0000000055435800 JavaThread "Attach Listener" daemon [_thread_blocked, id=12132, stack(0x0000000056e40000,0x0000000056f40000)]
  0x0000000055434000 JavaThread "Signal Dispatcher" daemon [_thread_blocked, id=26728, stack(0x0000000056bc0000,0x0000000056cc0000)]
  0x000000005541a800 JavaThread "Finalizer" daemon [_thread_blocked, id=23280, stack(0x0000000056620000,0x0000000056720000)]
  0x00000000553d3800 JavaThread "Reference Handler" daemon [_thread_blocked, id=29896, stack(0x0000000056430000,0x0000000056530000)]
  0x00000000021d8000 JavaThread "main" [_thread_blocked, id=23116, stack(0x0000000002520000,0x0000000002620000)]

Other Threads:
  0x00000000553cc000 VMThread [stack: 0x00000000562d0000,0x00000000563d0000] [id=35828]
  0x00000000567ac800 WatcherThread [stack: 0x0000000057580000,0x0000000057680000] [id=30812]

VM state:not at safepoint (normal execution)

VM Mutex/Monitor currently owned by a thread: None

Heap:
 PSYoungGen      total 37888K, used 12100K [0x00000000eab00000, 0x00000000ed500000, 0x0000000100000000)
  eden space 32768K, 21% used [0x00000000eab00000,0x00000000eb1eef50,0x00000000ecb00000)
  from space 5120K, 97% used [0x00000000ecb00000,0x00000000ecfe2160,0x00000000ed000000)
  to   space 5120K, 0% used [0x00000000ed000000,0x00000000ed000000,0x00000000ed500000)
 ParOldGen       total 45568K, used 6628K [0x00000000c0000000, 0x00000000c2c80000, 0x00000000eab00000)
  object space 45568K, 14% used [0x00000000c0000000,0x00000000c06791a0,0x00000000c2c80000)
 Metaspace       used 18786K, capacity 19110K, committed 19456K, reserved 1067008K
  class space    used 2572K, capacity 2707K, committed 2816K, reserved 1048576K

Card table byte_map: [0x0000000011cb0000,0x0000000011ec0000] byte_map_base: 0x00000000116b0000

Marking Bits: (ParMarkBitMap*) 0x000000006874c720
 Begin Bits: [0x0000000012840000, 0x0000000013840000)
 End Bits:   [0x0000000013840000, 0x0000000014840000)

Polling page: 0x0000000000340000

CodeCache: size=245760Kb used=5407Kb max_used=5407Kb free=240352Kb
 bounds [0x00000000028f0000, 0x0000000002e40000, 0x00000000118f0000]
 total_blobs=2017 nmethods=1640 adapters=289
 compilation: enabled

Compilation events (10 events):
Event: 5.536 Thread 0x000000005672a000 nmethod 1643 0x0000000002e378d0 code [0x0000000002e37a80, 0x0000000002e37f08]
Event: 5.554 Thread 0x000000005672a000 1644       3       org.gradle.api.internal.AbstractClassGenerator$MethodSet::<init> (5 bytes)
Event: 5.554 Thread 0x000000005672a000 nmethod 1644 0x0000000002e384d0 code [0x0000000002e386a0, 0x0000000002e38e10]
Event: 5.556 Thread 0x000000005672a000 1645       3       org.objectweb.asm.Type::getDescriptor (18 bytes)
Event: 5.556 Thread 0x000000005672a000 nmethod 1645 0x0000000002e39310 code [0x0000000002e394a0, 0x0000000002e398b8]
Event: 5.556 Thread 0x000000005672a000 1646       1       org.gradle.api.internal.AsmBackedClassGenerator$ClassBuilderImpl::access$100 (5 bytes)
Event: 5.557 Thread 0x000000005672a000 nmethod 1646 0x0000000002e39a90 code [0x0000000002e39be0, 0x0000000002e39cd0]
Event: 5.557 Thread 0x000000005672a000 1648       3       org.objectweb.asm.ClassWriter::a (91 bytes)
Event: 5.558 Thread 0x000000005672a000 nmethod 1648 0x0000000002e39d50 code [0x0000000002e39f40, 0x0000000002e3a598]
Event: 5.558 Thread 0x000000005672a000 1649       3       java.util.Formatter::parse (151 bytes)

GC Heap History (8 events):
Event: 1.475 GC heap before
{Heap before GC invocations=1 (full 0):
 PSYoungGen      total 37888K, used 32768K [0x00000000eab00000, 0x00000000ed500000, 0x0000000100000000)
  eden space 32768K, 100% used [0x00000000eab00000,0x00000000ecb00000,0x00000000ecb00000)
  from space 5120K, 0% used [0x00000000ed000000,0x00000000ed000000,0x00000000ed500000)
  to   space 5120K, 0% used [0x00000000ecb00000,0x00000000ecb00000,0x00000000ed000000)
 ParOldGen       total 86016K, used 0K [0x00000000c0000000, 0x00000000c5400000, 0x00000000eab00000)
  object space 86016K, 0% used [0x00000000c0000000,0x00000000c0000000,0x00000000c5400000)
 Metaspace       used 7758K, capacity 7936K, committed 8064K, reserved 1056768K
  class space    used 1012K, capacity 1088K, committed 1152K, reserved 1048576K
Event: 1.990 GC heap after
Heap after GC invocations=1 (full 0):
 PSYoungGen      total 37888K, used 4951K [0x00000000eab00000, 0x00000000ed500000, 0x0000000100000000)
  eden space 32768K, 0% used [0x00000000eab00000,0x00000000eab00000,0x00000000ecb00000)
  from space 5120K, 96% used [0x00000000ecb00000,0x00000000ecfd5cc0,0x00000000ed000000)
  to   space 5120K, 0% used [0x00000000ed000000,0x00000000ed000000,0x00000000ed500000)
 ParOldGen       total 86016K, used 16K [0x00000000c0000000, 0x00000000c5400000, 0x00000000eab00000)
  object space 86016K, 0% used [0x00000000c0000000,0x00000000c0004000,0x00000000c5400000)
 Metaspace       used 7758K, capacity 7936K, committed 8064K, reserved 1056768K
  class space    used 1012K, capacity 1088K, committed 1152K, reserved 1048576K
}
Event: 4.330 GC heap before
{Heap before GC invocations=2 (full 0):
 PSYoungGen      total 37888K, used 35871K [0x00000000eab00000, 0x00000000ed500000, 0x0000000100000000)
  eden space 32768K, 94% used [0x00000000eab00000,0x00000000ec9321f8,0x00000000ecb00000)
  from space 5120K, 96% used [0x00000000ecb00000,0x00000000ecfd5cc0,0x00000000ed000000)
  to   space 5120K, 0% used [0x00000000ed000000,0x00000000ed000000,0x00000000ed500000)
 ParOldGen       total 86016K, used 16K [0x00000000c0000000, 0x00000000c5400000, 0x00000000eab00000)
  object space 86016K, 0% used [0x00000000c0000000,0x00000000c0004000,0x00000000c5400000)
 Metaspace       used 13114K, capacity 13448K, committed 13568K, reserved 1064960K
  class space    used 1802K, capacity 1934K, committed 2048K, reserved 1048576K
Event: 4.366 GC heap after
Heap after GC invocations=2 (full 0):
 PSYoungGen      total 37888K, used 5105K [0x00000000eab00000, 0x00000000ed500000, 0x0000000100000000)
  eden space 32768K, 0% used [0x00000000eab00000,0x00000000eab00000,0x00000000ecb00000)
  from space 5120K, 99% used [0x00000000ed000000,0x00000000ed4fc628,0x00000000ed500000)
  to   space 5120K, 0% used [0x00000000ecb00000,0x00000000ecb00000,0x00000000ed000000)
 ParOldGen       total 86016K, used 1837K [0x00000000c0000000, 0x00000000c5400000, 0x00000000eab00000)
  object space 86016K, 2% used [0x00000000c0000000,0x00000000c01cb5f8,0x00000000c5400000)
 Metaspace       used 13114K, capacity 13448K, committed 13568K, reserved 1064960K
  class space    used 1802K, capacity 1934K, committed 2048K, reserved 1048576K
}
Event: 4.367 GC heap before
{Heap before GC invocations=3 (full 1):
 PSYoungGen      total 37888K, used 5105K [0x00000000eab00000, 0x00000000ed500000, 0x0000000100000000)
  eden space 32768K, 0% used [0x00000000eab00000,0x00000000eab00000,0x00000000ecb00000)
  from space 5120K, 99% used [0x00000000ed000000,0x00000000ed4fc628,0x00000000ed500000)
  to   space 5120K, 0% used [0x00000000ecb00000,0x00000000ecb00000,0x00000000ed000000)
 ParOldGen       total 86016K, used 1837K [0x00000000c0000000, 0x00000000c5400000, 0x00000000eab00000)
  object space 86016K, 2% used [0x00000000c0000000,0x00000000c01cb5f8,0x00000000c5400000)
 Metaspace       used 13114K, capacity 13448K, committed 13568K, reserved 1064960K
  class space    used 1802K, capacity 1934K, committed 2048K, reserved 1048576K
Event: 4.434 GC heap after
Heap after GC invocations=3 (full 1):
 PSYoungGen      total 37888K, used 0K [0x00000000eab00000, 0x00000000ed500000, 0x0000000100000000)
  eden space 32768K, 0% used [0x00000000eab00000,0x00000000eab00000,0x00000000ecb00000)
  from space 5120K, 0% used [0x00000000ed000000,0x00000000ed000000,0x00000000ed500000)
  to   space 5120K, 0% used [0x00000000ecb00000,0x00000000ecb00000,0x00000000ed000000)
 ParOldGen       total 45568K, used 6620K [0x00000000c0000000, 0x00000000c2c80000, 0x00000000eab00000)
  object space 45568K, 14% used [0x00000000c0000000,0x00000000c06771a0,0x00000000c2c80000)
 Metaspace       used 13114K, capacity 13448K, committed 13568K, reserved 1062912K
  class space    used 1802K, capacity 1934K, committed 2048K, reserved 1048576K
}
Event: 5.348 GC heap before
{Heap before GC invocations=4 (full 1):
 PSYoungGen      total 37888K, used 32768K [0x00000000eab00000, 0x00000000ed500000, 0x0000000100000000)
  eden space 32768K, 100% used [0x00000000eab00000,0x00000000ecb00000,0x00000000ecb00000)
  from space 5120K, 0% used [0x00000000ed000000,0x00000000ed000000,0x00000000ed500000)
  to   space 5120K, 0% used [0x00000000ecb00000,0x00000000ecb00000,0x00000000ed000000)
 ParOldGen       total 45568K, used 6620K [0x00000000c0000000, 0x00000000c2c80000, 0x00000000eab00000)
  object space 45568K, 14% used [0x00000000c0000000,0x00000000c06771a0,0x00000000c2c80000)
 Metaspace       used 18211K, capacity 18554K, committed 18816K, reserved 1067008K
  class space    used 2477K, capacity 2609K, committed 2688K, reserved 1048576K
Event: 5.355 GC heap after
Heap after GC invocations=4 (full 1):
 PSYoungGen      total 37888K, used 5000K [0x00000000eab00000, 0x00000000ed500000, 0x0000000100000000)
  eden space 32768K, 0% used [0x00000000eab00000,0x00000000eab00000,0x00000000ecb00000)
  from space 5120K, 97% used [0x00000000ecb00000,0x00000000ecfe2160,0x00000000ed000000)
  to   space 5120K, 0% used [0x00000000ed000000,0x00000000ed000000,0x00000000ed500000)
 ParOldGen       total 45568K, used 6628K [0x00000000c0000000, 0x00000000c2c80000, 0x00000000eab00000)
  object space 45568K, 14% used [0x00000000c0000000,0x00000000c06791a0,0x00000000c2c80000)
 Metaspace       used 18211K, capacity 18554K, committed 18816K, reserved 1067008K
  class space    used 2477K, capacity 2609K, committed 2688K, reserved 1048576K
}

Deoptimization events (10 events):
Event: 4.063 Thread 0x0000000058148800 Uncommon trap: reason=unstable_if action=reinterpret pc=0x0000000002ce0be8 method=java.util.HashMap.getNode(ILjava/lang/Object;)Ljava/util/HashMap$Node; @ 129
Event: 4.893 Thread 0x0000000058148800 Uncommon trap: reason=class_check action=maybe_recompile pc=0x0000000002b190d0 method=java.util.regex.Matcher.match(II)Z @ 86
Event: 4.894 Thread 0x0000000058148800 Uncommon trap: reason=class_check action=maybe_recompile pc=0x0000000002b190d0 method=java.util.regex.Matcher.match(II)Z @ 86
Event: 4.968 Thread 0x0000000058148800 Uncommon trap: reason=bimorphic action=maybe_recompile pc=0x0000000002ce80b8 method=java.util.HashMap.putVal(ILjava/lang/Object;Ljava/lang/Object;ZZ)Ljava/lang/Object; @ 203
Event: 4.974 Thread 0x0000000058148800 Uncommon trap: reason=bimorphic action=maybe_recompile pc=0x0000000002ce2000 method=java.util.HashMap.putVal(ILjava/lang/Object;Ljava/lang/Object;ZZ)Ljava/lang/Object; @ 203
Event: 4.986 Thread 0x0000000058148800 Uncommon trap: reason=class_check action=maybe_recompile pc=0x0000000002da70a8 method=org.gradle.internal.service.DefaultServiceRegistry$SingletonService.getService(Lorg/gradle/internal/service/DefaultServiceRegistry$LookupContext;Lorg/gradle/internal/ser
Event: 4.986 Thread 0x0000000058148800 Uncommon trap: reason=class_check action=maybe_recompile pc=0x0000000002da70a8 method=org.gradle.internal.service.DefaultServiceRegistry$SingletonService.getService(Lorg/gradle/internal/service/DefaultServiceRegistry$LookupContext;Lorg/gradle/internal/ser
Event: 4.986 Thread 0x0000000058148800 Uncommon trap: reason=class_check action=maybe_recompile pc=0x0000000002da70a8 method=org.gradle.internal.service.DefaultServiceRegistry$SingletonService.getService(Lorg/gradle/internal/service/DefaultServiceRegistry$LookupContext;Lorg/gradle/internal/ser
Event: 4.986 Thread 0x0000000058148800 Uncommon trap: reason=class_check action=maybe_recompile pc=0x0000000002da70a8 method=org.gradle.internal.service.DefaultServiceRegistry$SingletonService.getService(Lorg/gradle/internal/service/DefaultServiceRegistry$LookupContext;Lorg/gradle/internal/ser
Event: 5.275 Thread 0x0000000058148800 Uncommon trap: reason=unstable_if action=reinterpret pc=0x0000000002b38d7c method=java.io.WinNTFileSystem.resolve(Ljava/lang/String;Ljava/lang/String;)Ljava/lang/String; @ 49

Internal exceptions (10 events):
Event: 4.743 Thread 0x0000000058148800 Exception <a 'java/lang/ClassNotFoundException': groovy/lang/GroovyObjectSupportBeanInfo> (0x00000000eb250f28) thrown at [C:\re\workspace\8-2-build-windows-amd64-cygwin\jdk8u131\8869\hotspot\src\share\vm\classfile\systemDictionary.cpp, line 210]
Event: 4.743 Thread 0x0000000058148800 Exception <a 'java/lang/ClassNotFoundException': groovy/lang/GroovyObjectSupportCustomizer> (0x00000000eb25d128) thrown at [C:\re\workspace\8-2-build-windows-amd64-cygwin\jdk8u131\8869\hotspot\src\share\vm\classfile\systemDictionary.cpp, line 210]
Event: 4.744 Thread 0x0000000058148800 Exception <a 'java/lang/ClassNotFoundException': org/gradle/api/internal/plugins/DefaultExtraPropertiesExtensionCustomizer> (0x00000000eb2735a8) thrown at [C:\re\workspace\8-2-build-windows-amd64-cygwin\jdk8u131\8869\hotspot\src\share\vm\classfile\systemD
Event: 5.020 Thread 0x0000000058148800 Exception <a 'java/lang/NoSuchMethodError': <clinit>> (0x00000000ebf40528) thrown at [C:\re\workspace\8-2-build-windows-amd64-cygwin\jdk8u131\8869\hotspot\src\share\vm\prims\jni.cpp, line 1613]
Event: 5.021 Thread 0x0000000058148800 Exception <a 'java/lang/NoSuchMethodError': <clinit>> (0x00000000ebf44ac0) thrown at [C:\re\workspace\8-2-build-windows-amd64-cygwin\jdk8u131\8869\hotspot\src\share\vm\prims\jni.cpp, line 1613]
Event: 5.021 Thread 0x0000000058148800 Exception <a 'java/lang/NoSuchMethodError': <clinit>> (0x00000000ebf46ec0) thrown at [C:\re\workspace\8-2-build-windows-amd64-cygwin\jdk8u131\8869\hotspot\src\share\vm\prims\jni.cpp, line 1613]
Event: 5.514 Thread 0x0000000058148800 Exception <a 'java/lang/ClassNotFoundException': org/gradle/api/internal/artifacts/dsl/dependencies/DefaultDependencyHandler_DecoratedBeanInfo> (0x00000000eafbf6f0) thrown at [C:\re\workspace\8-2-build-windows-amd64-cygwin\jdk8u131\8869\hotspot\src\share\
Event: 5.515 Thread 0x0000000058148800 Exception <a 'java/lang/ClassNotFoundException': org/gradle/api/internal/artifacts/dsl/dependencies/DefaultDependencyHandlerBeanInfo> (0x00000000eafd2e10) thrown at [C:\re\workspace\8-2-build-windows-amd64-cygwin\jdk8u131\8869\hotspot\src\share\vm\classfi
Event: 5.515 Thread 0x0000000058148800 Exception <a 'java/lang/ClassNotFoundException': org/gradle/api/internal/artifacts/dsl/dependencies/DefaultDependencyHandlerCustomizer> (0x00000000eafe6868) thrown at [C:\re\workspace\8-2-build-windows-amd64-cygwin\jdk8u131\8869\hotspot\src\share\vm\class
Event: 5.518 Thread 0x0000000058148800 Exception <a 'java/lang/ClassNotFoundException': org/gradle/api/internal/artifacts/dsl/dependencies/DefaultDependencyHandler_DecoratedCustomizer> (0x00000000eb00c608) thrown at [C:\re\workspace\8-2-build-windows-amd64-cygwin\jdk8u131\8869\hotspot\src\shar

Events (10 events):
Event: 5.551 loading class org/gradle/api/artifacts/PublishArtifactSet
Event: 5.551 loading class org/gradle/api/artifacts/PublishArtifactSet done
Event: 5.551 loading class org/gradle/api/artifacts/DependencySet
Event: 5.551 loading class org/gradle/api/artifacts/DependencySet done
Event: 5.553 loading class org/gradle/api/artifacts/Configuration$State
Event: 5.553 loading class org/gradle/api/artifacts/Configuration$State done
Event: 5.553 loading class org/gradle/api/internal/artifacts/ResolverResults
Event: 5.553 loading class org/gradle/api/internal/artifacts/ResolverResults done
Event: 5.555 loading class org/gradle/api/file/FileCollection$AntType
Event: 5.555 loading class org/gradle/api/file/FileCollection$AntType done


Dynamic libraries:
0x000000013f5b0000 - 0x000000013f5e7000 	C:\Program Files\Java\jdk1.8.0_131\bin\java.exe
0x0000000076e30000 - 0x0000000076fd9000 	C:\Windows\SYSTEM32\ntdll.dll
0x0000000076d10000 - 0x0000000076e2f000 	C:\Windows\system32\kernel32.dll
0x000007fefce30000 - 0x000007fefce9b000 	C:\Windows\system32\KERNELBASE.dll
0x000007fefd8b0000 - 0x000007fefd98b000 	C:\Windows\system32\ADVAPI32.dll
0x000007fefe860000 - 0x000007fefe8ff000 	C:\Windows\system32\msvcrt.dll
0x000007fefef80000 - 0x000007fefef9f000 	C:\Windows\SYSTEM32\sechost.dll
0x000007feff010000 - 0x000007feff13d000 	C:\Windows\system32\RPCRT4.dll
0x0000000076c10000 - 0x0000000076d0a000 	C:\Windows\system32\USER32.dll
0x000007fefefa0000 - 0x000007feff007000 	C:\Windows\system32\GDI32.dll
0x000007fefdac0000 - 0x000007fefdace000 	C:\Windows\system32\LPK.dll
0x000007fefeda0000 - 0x000007fefee69000 	C:\Windows\system32\USP10.dll
0x000007fefb350000 - 0x000007fefb544000 	C:\Windows\WinSxS\amd64_microsoft.windows.common-controls_6595b64144ccf1df_6.0.7601.17514_none_fa396087175ac9ac\COMCTL32.dll
0x000007fefd830000 - 0x000007fefd8a1000 	C:\Windows\system32\SHLWAPI.dll
0x000007fefd330000 - 0x000007fefd35e000 	C:\Windows\system32\IMM32.DLL
0x000007fefee70000 - 0x000007fefef79000 	C:\Windows\system32\MSCTF.dll
0x0000000073900000 - 0x00000000739d2000 	C:\Program Files\Java\jdk1.8.0_131\jre\bin\msvcr100.dll
0x0000000067f30000 - 0x00000000687cc000 	C:\Program Files\Java\jdk1.8.0_131\jre\bin\server\jvm.dll
0x000007fef3630000 - 0x000007fef3639000 	C:\Windows\system32\WSOCK32.dll
0x000007fefe900000 - 0x000007fefe94d000 	C:\Windows\system32\WS2_32.dll
0x000007fefd820000 - 0x000007fefd828000 	C:\Windows\system32\NSI.dll
0x000007fefb9a0000 - 0x000007fefb9db000 	C:\Windows\system32\WINMM.dll
0x000007fefbee0000 - 0x000007fefbeec000 	C:\Windows\system32\VERSION.dll
0x0000000077000000 - 0x0000000077007000 	C:\Windows\system32\PSAPI.DLL
0x0000000074730000 - 0x000000007473f000 	C:\Program Files\Java\jdk1.8.0_131\jre\bin\verify.dll
0x0000000073b30000 - 0x0000000073b59000 	C:\Program Files\Java\jdk1.8.0_131\jre\bin\java.dll
0x0000000073b10000 - 0x0000000073b26000 	C:\Program Files\Java\jdk1.8.0_131\jre\bin\zip.dll
0x000007fefdad0000 - 0x000007fefe858000 	C:\Windows\system32\SHELL32.dll
0x000007fefeb90000 - 0x000007fefed93000 	C:\Windows\system32\ole32.dll
0x000007fefcd80000 - 0x000007fefcd8f000 	C:\Windows\system32\profapi.dll
0x000007fefc650000 - 0x000007fefc667000 	C:\Windows\system32\CRYPTSP.dll
0x000007fefc350000 - 0x000007fefc397000 	C:\Windows\system32\rsaenh.dll
0x000007fefc0d0000 - 0x000007fefc0ee000 	C:\Windows\system32\USERENV.dll
0x000007fefccb0000 - 0x000007fefccbf000 	C:\Windows\system32\CRYPTBASE.dll
0x0000000073af0000 - 0x0000000073b0a000 	C:\Program Files\Java\jdk1.8.0_131\jre\bin\net.dll
0x000007fefc5f0000 - 0x000007fefc645000 	C:\Windows\system32\mswsock.dll
0x000007fefc5e0000 - 0x000007fefc5e7000 	C:\Windows\System32\wship6.dll
0x000007fef9d90000 - 0x000007fef9db7000 	C:\Windows\system32\IPHLPAPI.DLL
0x000007fef9d80000 - 0x000007fef9d8b000 	C:\Windows\system32\WINNSI.DLL
0x000007fef9b90000 - 0x000007fef9ba8000 	C:\Windows\system32\dhcpcsvc.DLL
0x000007fef9b70000 - 0x000007fef9b81000 	C:\Windows\system32\dhcpcsvc6.DLL
0x00000000738e0000 - 0x00000000738f1000 	C:\Program Files\Java\jdk1.8.0_131\jre\bin\nio.dll
0x000007fede260000 - 0x000007fede272000 	C:\Users\user\AppData\Local\Temp\native-platform2930575418402536810dir\native-platform.dll
0x000007fefcc50000 - 0x000007fefcca7000 	C:\Windows\system32\apphelp.dll

VM Arguments:
jvm_args: -XX:MaxPermSize=256m -XX:+HeapDumpOnOutOfMemoryError -Xmx1024m -Dfile.encoding=windows-1252 -Duser.country=US -Duser.language=en -Duser.variant 
java_command: org.gradle.launcher.daemon.bootstrap.GradleDaemon 2.2.1 C:\Users\user\.gradle\daemon 10800000 519b2cd7-78ad-46b2-92c2-d3978d41efd9 -XX:MaxPermSize=256m -XX:+HeapDumpOnOutOfMemoryError -Xmx1024m -Dfile.encoding=windows-1252 -Duser.country=US -Duser.language=en -Duser.variant
java_class_path (initial): C:\Users\user\.gradle\wrapper\dists\gradle-2.2.1-all\2m8005s69iu8v0oiejfej094b\gradle-2.2.1\lib\gradle-launcher-2.2.1.jar
Launcher Type: SUN_STANDARD

Environment Variables:
JAVA_HOME=C:\Program Files\Java\jdk1.8.0_131
JRE_HOME=C:\Program Files\Java\jre1.8.0_131
CLASSPATH=D:\Code\adminapp\bookz-admin-app\platforms\android\\gradle\wrapper\gradle-wrapper.jar
PATH=C:\ProgramData\Oracle\Java\javapath;C:\Windows\system32;C:\Windows;C:\Windows\System32\Wbem;C:\Windows\System32\WindowsPowerShell\v1.0\;C:\Program Files\Git\cmd;D:\Softwares\apache-maven-3.5.0\bin;C:\Program Files\Java\jdk1.8.0_131\bin;C:\wamp64\bin\php\php5.6.25;C:\ProgramData\ComposerSetup\bin;C:\Users\user\Desktop\platform-tools\;C:\Program Files\nodejs\;C:\Program Files\PuTTY\;C:\Program Files (x86)\Android\android-sdk\platform-tools;C:\Program Files (x86)\Android\android-sdk\tools;C:\Gradle\gradle-4.6\bin;C:\Users\user\AppData\Roaming\Composer\vendor\bin;C:\Users\user\AppData\Roaming\npm
USERNAME=user
OS=Windows_NT
PROCESSOR_IDENTIFIER=Intel64 Family 6 Model 58 Stepping 9, GenuineIntel



---------------  S Y S T E M  ---------------

OS: Windows 7 , 64 bit Build 7601 (6.1.7601.17514)

CPU:total 4 (initial active 4) (2 cores per cpu, 2 threads per core) family 6 model 58 stepping 9, cmov, cx8, fxsr, mmx, sse, sse2, sse3, ssse3, sse4.1, sse4.2, popcnt, avx, aes, clmul, erms, ht, tsc, tscinvbit, tscinv

Memory: 4k page, physical 8248816k(2320k free), swap 18329792k(5112k free)

vm_info: Java HotSpot(TM) 64-Bit Server VM (25.131-b11) for windows-amd64 JRE (1.8.0_131-b11), built on Mar 15 2017 01:23:53 by "java_re" with MS VC++ 10.0 (VS2010)

time: Tue Jan 21 14:56:15 2020
elapsed time: 5 seconds (0d 0h 0m 5s)

