JvmtiExport can_access_local_variables 0
JvmtiExport can_hotswap_or_post_breakpoint 0
JvmtiExport can_post_on_exceptions 0
# 174 ciObject found
instanceKlass org/gradle/api/internal/artifacts/ResolverResults
instanceKlass org/gradle/api/artifacts/DependencySet
instanceKlass org/gradle/api/artifacts/PublishArtifactSet
instanceKlass org/gradle/api/artifacts/ResolvableDependencies
instanceKlass org/gradle/api/tasks/TaskDependency
instanceKlass org/gradle/api/artifacts/ModuleIdentifier
instanceKlass org/gradle/internal/rules/RuleAction
instanceKlass org/gradle/internal/rules/DefaultRuleActionAdapter
instanceKlass com/google/common/primitives/Ints
instanceKlass org/gradle/api/artifacts/ivy/IvyModuleDescriptor
instanceKlass org/gradle/internal/rules/DefaultRuleActionValidator
instanceKlass org/gradle/internal/rules/RuleActionAdapter
instanceKlass org/gradle/internal/rules/RuleActionValidator
instanceKlass org/gradle/api/internal/artifacts/ivyservice/resolutionstrategy/DefaultComponentSelectionRules
instanceKlass org/gradle/api/internal/artifacts/ivyservice/resolutionstrategy/LatestConflictResolution
instanceKlass org/gradle/api/internal/artifacts/ivyservice/resolutionstrategy/DefaultCachePolicy$4
instanceKlass org/gradle/api/internal/artifacts/ivyservice/resolutionstrategy/DefaultCachePolicy$3
instanceKlass org/gradle/api/internal/artifacts/ivyservice/resolutionstrategy/DefaultCachePolicy$2
instanceKlass org/gradle/api/internal/artifacts/ivyservice/resolutionstrategy/DefaultCachePolicy$1
instanceKlass org/gradle/api/artifacts/ResolvedModuleVersion
instanceKlass org/gradle/api/internal/artifacts/ivyservice/resolutionstrategy/DefaultCachePolicy
instanceKlass org/gradle/api/internal/artifacts/ComponentSelectionRulesInternal
instanceKlass org/gradle/api/internal/artifacts/configurations/dynamicversion/CachePolicy
instanceKlass org/gradle/api/artifacts/cache/ResolutionRules
instanceKlass org/gradle/api/artifacts/ComponentSelectionRules
instanceKlass org/gradle/api/artifacts/ConflictResolution
instanceKlass org/gradle/api/internal/artifacts/ivyservice/resolutionstrategy/DefaultResolutionStrategy
instanceKlass org/gradle/api/internal/file/AbstractFileCollection
instanceKlass org/gradle/api/internal/file/collections/MinimalFileSet
instanceKlass org/gradle/api/internal/initialization/ScriptHandlerClassLoaderFactory
instanceKlass org/gradle/api/internal/initialization/DefaultScriptHandler
instanceKlass sun/reflect/generics/tree/VoidDescriptor
instanceKlass org/gradle/api/artifacts/query/ArtifactResolutionQuery
instanceKlass org/gradle/api/internal/artifacts/query/DefaultArtifactResolutionQueryFactory
instanceKlass org/gradle/api/artifacts/ClientModule
instanceKlass org/gradle/api/internal/notations/ClientModuleNotationParserFactory
instanceKlass org/gradle/internal/typeconversion/JustReturningParser
instanceKlass org/gradle/api/internal/notations/DependencyClassPathNotationParser
instanceKlass org/gradle/api/internal/notations/DependencyProjectNotationParser
instanceKlass org/gradle/internal/typeconversion/TypeFilteringNotationConverter
instanceKlass org/gradle/api/internal/notations/DependencyFilesNotationParser
instanceKlass org/gradle/internal/typeconversion/NotationParserBuilder$NotationParserToNotationConverterAdapter
instanceKlass org/gradle/api/tasks/Optional
instanceKlass org/gradle/internal/typeconversion/MapKey
instanceKlass org/gradle/internal/typeconversion/TypedNotationParser
instanceKlass org/gradle/internal/typeconversion/CharSequenceNotationConverter
instanceKlass org/gradle/api/internal/artifacts/dependencies/AbstractDependency
instanceKlass org/gradle/api/internal/artifacts/ResolvableDependency
instanceKlass org/gradle/api/artifacts/ExternalModuleDependency
instanceKlass org/gradle/api/artifacts/ExternalDependency
instanceKlass org/gradle/api/artifacts/ModuleVersionSelector
instanceKlass org/gradle/api/internal/notations/DependencyStringNotationParser
instanceKlass org/gradle/api/internal/notations/DependencyNotationParser
instanceKlass org/gradle/api/internal/artifacts/DefaultDependencyFactory
instanceKlass org/gradle/api/internal/notations/ProjectDependencyFactory
instanceKlass org/gradle/api/internal/artifacts/DefaultProjectDependencyFactory
instanceKlass org/gradle/api/internal/DependencyClassPathProvider
instanceKlass org/gradle/api/internal/project/DefaultProjectAccessListener
instanceKlass org/gradle/api/Namer$Comparator
instanceKlass java/util/NavigableSet
instanceKlass org/gradle/api/artifacts/Configuration$Namer
instanceKlass org/gradle/api/internal/artifacts/configurations/ConfigurationInternal
instanceKlass org/gradle/api/internal/artifacts/configurations/ResolutionStrategyInternal
instanceKlass org/gradle/api/artifacts/ResolutionStrategy
instanceKlass org/gradle/api/internal/artifacts/configurations/ConfigurationsProvider
instanceKlass org/gradle/api/internal/artifacts/ivyservice/DefaultConfigurationResolver
instanceKlass org/gradle/api/internal/artifacts/DefaultGlobalDependencyResolutionRules
instanceKlass org/gradle/api/artifacts/ComponentModuleMetadataDetails
instanceKlass org/gradle/api/artifacts/ComponentModuleMetadata
instanceKlass org/gradle/api/internal/artifacts/dsl/ComponentModuleMetadataContainer
instanceKlass org/gradle/api/internal/artifacts/dsl/ModuleReplacementsData
instanceKlass org/gradle/api/artifacts/ComponentMetadataDetails
instanceKlass org/gradle/api/artifacts/ComponentMetadata
instanceKlass org/gradle/api/internal/artifacts/ivyservice/CacheLockingArtifactDependencyResolver
instanceKlass org/gradle/api/internal/artifacts/ivyservice/SelfResolvingDependencyResolver
instanceKlass org/gradle/api/internal/artifacts/ivyservice/ShortcircuitEmptyConfigsArtifactDependencyResolver
instanceKlass org/gradle/api/artifacts/result/ResolutionResult
instanceKlass org/gradle/api/artifacts/ResolvedConfiguration
instanceKlass org/gradle/api/artifacts/Configuration
instanceKlass org/gradle/api/internal/artifacts/ivyservice/ErrorHandlingArtifactDependencyResolver
instanceKlass org/gradle/api/internal/artifacts/ivyservice/projectmodule/DefaultProjectComponentRegistry
instanceKlass org/gradle/internal/resolve/resolver/ArtifactResolver
instanceKlass org/gradle/api/internal/artifacts/ivyservice/resolveengine/DefaultDependencyResolver
instanceKlass org/gradle/api/internal/artifacts/ivyservice/resolveengine/store/StoreSet
instanceKlass org/gradle/api/internal/artifacts/ivyservice/ivyresolve/CachingModuleComponentRepository
instanceKlass org/gradle/api/internal/artifacts/ivyservice/ivyresolve/BaseModuleComponentRepository
instanceKlass org/gradle/api/internal/artifacts/ivyservice/ivyresolve/RepositoryChain
instanceKlass org/gradle/api/internal/artifacts/ivyservice/ivyresolve/StartParameterResolutionOverride
instanceKlass org/gradle/api/internal/artifacts/ivyservice/ivyresolve/strategy/LatestVersionStrategy
instanceKlass org/gradle/api/internal/artifacts/ivyservice/ivyresolve/memcache/InMemoryCacheStats
instanceKlass org/gradle/api/internal/artifacts/ivyservice/ivyresolve/ModuleComponentRepository
instanceKlass org/gradle/internal/resource/cached/ivy/ArtifactAtRepositoryCachedArtifactIndex$CachedArtifactSerializer
instanceKlass org/gradle/messaging/serialize/MapSerializer
instanceKlass org/gradle/api/artifacts/component/ModuleComponentIdentifier
instanceKlass org/gradle/api/internal/artifacts/ivyservice/resolveengine/result/ComponentIdentifierSerializer
instanceKlass org/gradle/internal/component/external/model/ModuleComponentArtifactIdentifier
instanceKlass org/gradle/internal/component/model/ComponentArtifactIdentifier
instanceKlass org/gradle/api/internal/artifacts/metadata/ModuleVersionArtifactIdentifierSerializer
instanceKlass org/gradle/internal/resource/cached/ivy/ArtifactAtRepositoryCachedArtifactIndex$ArtifactAtRepositoryKeySerializer
instanceKlass org/gradle/internal/resource/cached/CachedArtifact
instanceKlass org/gradle/api/internal/artifacts/ivyservice/modulecache/ModuleArtifactsCache$CachedArtifacts
instanceKlass org/gradle/api/internal/artifacts/ivyservice/modulecache/DefaultModuleArtifactsCache
instanceKlass org/gradle/internal/component/external/model/MutableModuleComponentResolveMetaData
instanceKlass org/gradle/internal/component/external/model/ModuleComponentResolveMetaData
instanceKlass org/gradle/internal/component/model/ComponentResolveMetaData
instanceKlass org/gradle/internal/resource/LocallyAvailableExternalResource
instanceKlass org/gradle/api/internal/artifacts/ivyservice/ivyresolve/parser/AbstractModuleDescriptorParser
instanceKlass org/gradle/api/internal/artifacts/ivyservice/ivyresolve/parser/MetaDataParser
instanceKlass org/apache/ivy/core/module/descriptor/ModuleDescriptor
instanceKlass org/apache/ivy/core/module/descriptor/DependencyDescriptorMediator
instanceKlass org/apache/ivy/plugins/latest/ArtifactInfo
instanceKlass org/apache/ivy/plugins/namespace/Namespace
instanceKlass org/apache/ivy/util/extendable/UnmodifiableExtendableItem
instanceKlass org/apache/ivy/core/module/descriptor/DefaultDependencyDescriptor
instanceKlass org/gradle/api/internal/artifacts/ivyservice/IvyXmlModuleDescriptorWriter
instanceKlass org/gradle/api/internal/artifacts/ivyservice/ivyresolve/parser/DescriptorParseContext
instanceKlass org/gradle/api/internal/artifacts/ivyservice/modulecache/ModuleDescriptorStore
instanceKlass org/gradle/api/internal/artifacts/ivyservice/IvyModuleDescriptorWriter
instanceKlass org/gradle/api/internal/artifacts/ivyservice/modulecache/ModuleMetaDataCache$CachedMetaData
instanceKlass org/gradle/api/internal/artifacts/ivyservice/modulecache/DefaultModuleMetaDataCache
instanceKlass org/gradle/api/internal/artifacts/ivyservice/dynamicversions/ModuleVersionsCache$CachedModuleVersionList
instanceKlass org/gradle/api/internal/artifacts/ivyservice/dynamicversions/SingleFileBackedModuleVersionsCache
instanceKlass org/apache/ivy/util/MessageLogger
instanceKlass org/gradle/api/internal/artifacts/ivyservice/DefaultIvyContextManager
instanceKlass org/gradle/internal/component/model/IvyArtifactName
instanceKlass org/gradle/api/internal/artifacts/ivyservice/moduleconverter/DefaultConfigurationsToArtifactsConverter
instanceKlass org/gradle/api/internal/artifacts/ivyservice/moduleconverter/dependencies/DefaultDependenciesToModuleDescriptorConverter
instanceKlass org/gradle/internal/component/local/model/MutableLocalComponentMetaData
instanceKlass org/gradle/internal/component/local/model/LocalComponentMetaData
instanceKlass org/gradle/api/internal/artifacts/ivyservice/moduleconverter/ResolveLocalComponentFactory
instanceKlass org/gradle/api/artifacts/component/ComponentIdentifier
instanceKlass org/gradle/api/internal/artifacts/component/DefaultComponentIdentifierFactory
instanceKlass org/gradle/util/WrapUtil
instanceKlass org/gradle/internal/component/local/model/ProjectDependencyMetaData
instanceKlass org/gradle/api/artifacts/ProjectDependency
instanceKlass org/gradle/api/artifacts/SelfResolvingDependency
instanceKlass org/gradle/api/internal/artifacts/ivyservice/moduleconverter/dependencies/DefaultDependencyDescriptorFactory
instanceKlass org/gradle/internal/component/local/model/DslOriginDependencyMetaData
instanceKlass org/gradle/internal/component/model/DependencyMetaData
instanceKlass org/gradle/api/artifacts/ModuleDependency
instanceKlass org/gradle/api/artifacts/Dependency
instanceKlass org/apache/ivy/core/module/descriptor/DependencyArtifactDescriptor
instanceKlass org/apache/ivy/core/module/descriptor/DependencyDescriptor
instanceKlass org/apache/ivy/core/module/descriptor/InheritableItem
instanceKlass org/apache/ivy/core/module/descriptor/ExcludeRule
instanceKlass org/apache/ivy/util/extendable/ExtendableItem
instanceKlass org/gradle/api/internal/artifacts/ivyservice/moduleconverter/DefaultExcludeRuleConverter
instanceKlass org/gradle/api/internal/artifacts/ivyservice/moduleconverter/DefaultConfigurationsToModuleDescriptorConverter
instanceKlass org/gradle/api/internal/artifacts/DefaultArtifactRepositoryContainer$2
instanceKlass org/gradle/api/internal/artifacts/DefaultArtifactRepositoryContainer$1
instanceKlass org/gradle/api/internal/artifacts/DefaultArtifactRepositoryContainer$RepositoryNamer
instanceKlass org/gradle/api/internal/collections/CollectionFilter
instanceKlass org/gradle/api/artifacts/repositories/IvyArtifactRepository
instanceKlass org/gradle/api/artifacts/repositories/FlatDirectoryArtifactRepository
instanceKlass org/gradle/api/artifacts/repositories/MavenArtifactRepository
instanceKlass org/gradle/api/artifacts/repositories/AuthenticationSupported
instanceKlass org/gradle/api/artifacts/repositories/ArtifactRepository
instanceKlass org/gradle/api/Namer
instanceKlass org/gradle/api/Rule
instanceKlass org/gradle/api/internal/artifacts/repositories/DefaultBaseRepositoryFactory
instanceKlass org/gradle/internal/resource/local/CompositeLocallyAvailableResourceFinder
instanceKlass org/gradle/internal/resource/local/ivy/PatternBasedLocallyAvailableResourceFinder$1
instanceKlass org/gradle/mvn3/org/apache/maven/settings/building/DefaultSettingsBuildingResult
instanceKlass org/gradle/mvn3/org/codehaus/plexus/interpolation/SimpleRecursionInterceptor
instanceKlass org/gradle/mvn3/org/apache/maven/settings/building/DefaultSettingsBuilder$1
instanceKlass java/lang/ProcessImpl$2
instanceKlass java/lang/ProcessBuilder
instanceKlass org/gradle/mvn3/org/codehaus/plexus/interpolation/os/Os
instanceKlass org/gradle/mvn3/org/codehaus/plexus/interpolation/os/OperatingSystemUtils
instanceKlass org/gradle/mvn3/org/codehaus/plexus/interpolation/AbstractValueSource
instanceKlass org/gradle/mvn3/org/codehaus/plexus/interpolation/RecursionInterceptor
instanceKlass org/gradle/mvn3/org/codehaus/plexus/interpolation/RegexBasedInterpolator
instanceKlass org/gradle/mvn3/org/codehaus/plexus/interpolation/Interpolator
instanceKlass org/gradle/mvn3/org/codehaus/plexus/util/xml/pull/MXSerializer
instanceKlass org/gradle/mvn3/org/codehaus/plexus/util/xml/pull/XmlSerializer
instanceKlass org/gradle/mvn3/org/apache/maven/settings/io/xpp3/SettingsXpp3Writer
instanceKlass org/gradle/mvn3/org/codehaus/plexus/util/StringUtils
instanceKlass org/gradle/mvn3/org/codehaus/plexus/util/IOUtil
instanceKlass org/gradle/mvn3/org/apache/maven/settings/TrackableBase
instanceKlass org/gradle/mvn3/org/codehaus/plexus/util/xml/pull/MXParser
instanceKlass org/gradle/mvn3/org/codehaus/plexus/util/ReaderFactory
instanceKlass org/gradle/mvn3/org/codehaus/plexus/util/xml/pull/XmlPullParser
instanceKlass org/gradle/mvn3/org/apache/maven/settings/io/xpp3/SettingsXpp3Reader
instanceKlass org/gradle/mvn3/org/apache/maven/settings/building/FileSettingsSource
instanceKlass org/gradle/mvn3/org/apache/maven/settings/building/DefaultSettingsProblemCollector
instanceKlass org/gradle/mvn3/org/apache/maven/settings/building/DefaultSettingsBuildingRequest
instanceKlass org/gradle/mvn3/org/apache/maven/settings/validation/DefaultSettingsValidator
instanceKlass org/gradle/mvn3/org/apache/maven/settings/io/DefaultSettingsWriter
instanceKlass org/gradle/mvn3/org/apache/maven/settings/io/DefaultSettingsReader
instanceKlass org/gradle/mvn3/org/apache/maven/settings/merge/MavenSettingsMerger
instanceKlass org/gradle/mvn3/org/apache/maven/settings/building/SettingsBuildingResult
instanceKlass org/gradle/mvn3/org/apache/maven/settings/building/SettingsSource
instanceKlass org/gradle/mvn3/org/apache/maven/settings/building/SettingsProblemCollector
instanceKlass org/gradle/mvn3/org/codehaus/plexus/interpolation/InterpolationPostProcessor
instanceKlass org/gradle/mvn3/org/codehaus/plexus/interpolation/ValueSource
instanceKlass org/gradle/mvn3/org/apache/maven/settings/building/DefaultSettingsBuilder
instanceKlass org/gradle/mvn3/org/apache/maven/settings/building/SettingsBuilder
instanceKlass org/gradle/mvn3/org/apache/maven/settings/validation/SettingsValidator
instanceKlass org/gradle/mvn3/org/apache/maven/settings/io/SettingsWriter
instanceKlass org/gradle/mvn3/org/apache/maven/settings/io/SettingsReader
instanceKlass org/gradle/mvn3/org/apache/maven/settings/building/DefaultSettingsBuilderFactory
instanceKlass org/gradle/internal/resource/local/LocallyAvailableResourceFinderSearchableFileStoreAdapter$1
instanceKlass org/gradle/internal/resource/local/LocallyAvailableResourceCandidates
instanceKlass org/gradle/internal/resource/local/AbstractLocallyAvailableResourceFinder
instanceKlass org/gradle/internal/resource/local/ivy/LocallyAvailableResourceFinderFactory
instanceKlass org/gradle/api/internal/filestore/ivy/ArtifactIdentifierFileStore$1
instanceKlass org/gradle/internal/resource/ExternalResourceName
instanceKlass org/gradle/api/internal/artifacts/repositories/resolver/AbstractResourcePattern
instanceKlass org/gradle/internal/nativeintegration/services/FileSystems
instanceKlass org/gradle/api/internal/file/copy/DeleteActionImpl
instanceKlass org/gradle/api/file/DeleteAction
instanceKlass org/gradle/api/file/FileVisitor
instanceKlass org/gradle/api/internal/file/collections/MinimalFileTree
instanceKlass org/gradle/api/internal/file/collections/MinimalFileCollection
instanceKlass org/gradle/internal/resource/local/LocallyAvailableResource
instanceKlass org/gradle/api/internal/artifacts/repositories/resolver/ResourcePattern
instanceKlass org/gradle/api/internal/artifacts/repositories/transport/RepositoryTransport
instanceKlass org/gradle/internal/resource/transport/sftp/LockableSftpClient
instanceKlass com/jcraft/jsch/HostKeyRepository
instanceKlass com/jcraft/jsch/Logger
instanceKlass org/gradle/internal/resource/transport/sftp/SftpClientFactory$SftpClientCreator
instanceKlass org/gradle/internal/resource/cached/CachedExternalResource
instanceKlass org/gradle/internal/resource/cached/CachedItem
instanceKlass org/gradle/cache/internal/DefaultPersistentDirectoryStore$1
instanceKlass org/gradle/util/VersionNumber$AbstractScheme$Scanner
instanceKlass org/gradle/util/VersionNumber$AbstractScheme
instanceKlass org/gradle/util/VersionNumber$Scheme
instanceKlass org/gradle/util/VersionNumber
instanceKlass org/gradle/api/internal/artifacts/ivyservice/DefaultCacheLockingManager
instanceKlass org/gradle/api/internal/file/TmpDirTemporaryFileProvider$1
instanceKlass org/gradle/api/internal/file/DefaultTemporaryFileProvider
instanceKlass org/gradle/api/internal/artifacts/mvnsettings/DefaultLocalMavenRepositoryLocator
instanceKlass org/gradle/api/internal/artifacts/mvnsettings/DefaultMavenFileLocations
instanceKlass org/gradle/mvn3/org/apache/maven/settings/building/SettingsBuildingRequest
instanceKlass org/gradle/api/internal/artifacts/mvnsettings/DefaultMavenSettingsProvider
instanceKlass org/gradle/api/internal/artifacts/DefaultDependencyManagementServices$DefaultDependencyResolutionServices
instanceKlass org/gradle/api/artifacts/dsl/ArtifactHandler
instanceKlass org/gradle/api/internal/artifacts/dsl/DefaultComponentMetadataHandler
instanceKlass org/gradle/api/internal/artifacts/ComponentMetadataProcessor
instanceKlass org/gradle/api/artifacts/dsl/DependencyHandler
instanceKlass org/gradle/api/artifacts/dsl/ComponentMetadataHandler
instanceKlass org/gradle/api/internal/artifacts/dsl/DefaultComponentModuleMetadataHandler
instanceKlass org/gradle/api/internal/artifacts/ComponentModuleMetadataProcessor
instanceKlass org/gradle/api/artifacts/dsl/ComponentModuleMetadataHandler
instanceKlass org/gradle/api/artifacts/dsl/RepositoryHandler
instanceKlass org/gradle/api/artifacts/ArtifactRepositoryContainer
instanceKlass org/gradle/api/NamedDomainObjectList
instanceKlass org/gradle/api/internal/artifacts/configurations/ConfigurationContainerInternal
instanceKlass org/gradle/api/artifacts/ConfigurationContainer
instanceKlass org/gradle/api/NamedDomainObjectContainer
instanceKlass org/gradle/api/NamedDomainObjectSet
instanceKlass org/gradle/api/NamedDomainObjectCollection
instanceKlass org/gradle/api/internal/artifacts/query/ArtifactResolutionQueryFactory
instanceKlass org/gradle/api/internal/artifacts/DependencyResolutionServices
instanceKlass org/gradle/api/internal/artifacts/ArtifactPublicationServices
instanceKlass org/gradle/api/internal/artifacts/BaseRepositoryFactory
instanceKlass org/gradle/api/internal/artifacts/GlobalDependencyResolutionRules
instanceKlass org/gradle/api/internal/artifacts/ConfigurationResolver
instanceKlass org/gradle/api/internal/artifacts/DefaultDependencyManagementServices$DependencyResolutionScopeServices
instanceKlass org/gradle/api/internal/initialization/BasicDomainObjectContext
instanceKlass org/gradle/util/GUtil$1
instanceKlass org/gradle/util/Path
instanceKlass org/gradle/initialization/ProjectDescriptorRegistry
instanceKlass org/gradle/initialization/DefaultProjectDescriptor
instanceKlass org/gradle/api/initialization/ProjectDescriptor
instanceKlass org/gradle/api/internal/initialization/DefaultClassLoaderScope
instanceKlass org/gradle/initialization/layout/BuildLayoutConfiguration
instanceKlass org/gradle/initialization/DirectoryInitScriptFinder
instanceKlass org/gradle/initialization/CompositeInitScriptFinder
instanceKlass org/gradle/initialization/InitScriptFinder
instanceKlass org/gradle/logging/internal/ProgressLogEventGenerator$Operation
instanceKlass org/gradle/internal/progress/OperationIdentifier
instanceKlass org/gradle/internal/progress/OperationsHierarchy
instanceKlass org/gradle/logging/internal/DefaultProgressLoggerFactory$ProgressLoggerImpl
instanceKlass org/gradle/execution/SelectedTaskExecutionAction
instanceKlass org/gradle/execution/DryRunBuildExecutionAction
instanceKlass org/gradle/execution/BuildExecutionAction
instanceKlass org/gradle/execution/BuildExecutionContext
instanceKlass org/gradle/execution/DefaultBuildExecuter
instanceKlass org/gradle/execution/TaskNameResolvingBuildConfigurationAction
instanceKlass org/gradle/execution/ExcludedTaskFilteringBuildConfigurationAction
instanceKlass org/gradle/execution/DefaultTasksBuildExecutionAction
instanceKlass org/gradle/execution/BuildConfigurationAction
instanceKlass org/gradle/execution/commandline/CommandLineTaskConfigurer
instanceKlass org/gradle/execution/taskpath/ProjectFinderByTaskPath
instanceKlass org/gradle/execution/taskpath/TaskPathResolver
instanceKlass org/gradle/api/internal/TaskInternal
instanceKlass org/gradle/util/Configurable
instanceKlass org/gradle/execution/TaskSelectionResult
instanceKlass org/gradle/execution/TaskNameResolver
instanceKlass org/gradle/internal/typeconversion/ValueAwareNotationParser
instanceKlass org/gradle/api/internal/tasks/options/OptionNotationParserFactory
instanceKlass com/google/common/collect/ListMultimap
instanceKlass org/gradle/initialization/TasksCompletionListener
instanceKlass org/gradle/initialization/ModelConfigurationListener
instanceKlass org/gradle/initialization/DefaultExceptionAnalyser
instanceKlass org/gradle/configuration/DefaultBuildConfigurer
instanceKlass org/gradle/execution/TaskPathProjectEvaluator
instanceKlass org/gradle/groovy/scripts/UriScriptSource
instanceKlass org/gradle/groovy/scripts/StringScriptSource
instanceKlass org/gradle/api/internal/project/ProjectFactory
instanceKlass org/gradle/api/internal/project/DefaultProjectRegistry
instanceKlass org/gradle/internal/service/DefaultServiceRegistry$ParameterizedTypeSpec
instanceKlass org/gradle/initialization/InstantiatingBuildLoader
instanceKlass org/gradle/initialization/ProjectPropertySettingBuildLoader
instanceKlass org/gradle/initialization/buildsrc/BuildSourceBuilder
instanceKlass org/gradle/initialization/DefaultGradlePropertiesLoader
instanceKlass org/gradle/api/internal/SettingsInternal
instanceKlass org/gradle/initialization/SettingsFactory
instanceKlass org/gradle/initialization/ScriptEvaluatingSettingsProcessor
instanceKlass org/gradle/initialization/PropertiesLoadingSettingsProcessor
instanceKlass org/gradle/initialization/layout/BuildLayoutFactory
instanceKlass org/gradle/initialization/SettingsLocation
instanceKlass org/gradle/initialization/DefaultSettingsFinder
instanceKlass org/gradle/initialization/SettingsHandler
instanceKlass org/gradle/configuration/DefaultInitScriptProcessor
instanceKlass org/gradle/api/ProjectState
instanceKlass org/gradle/api/initialization/Settings
instanceKlass org/gradle/BuildResult
instanceKlass org/gradle/api/internal/file/DefaultFileLookup
instanceKlass org/gradle/plugin/use/resolve/internal/CompositePluginResolver
instanceKlass org/gradle/plugin/use/resolve/internal/CorePluginResolver
instanceKlass java/util/DualPivotQuicksort
instanceKlass com/google/common/base/CharMatcher
instanceKlass org/gradle/plugin/internal/PluginId
instanceKlass org/gradle/plugin/use/resolve/internal/NoopPluginResolver
instanceKlass org/gradle/plugin/use/resolve/internal/PluginResolutionResult
instanceKlass org/gradle/internal/exceptions/FailureResolutionAware
instanceKlass org/gradle/plugin/use/internal/DefaultPluginRequestApplicator
instanceKlass org/gradle/plugin/use/internal/PluginUsePluginServiceRegistry$BuildScopeServices$2
instanceKlass org/gradle/plugin/use/resolve/internal/PluginResolution
instanceKlass org/gradle/plugin/use/internal/PluginUsePluginServiceRegistry$BuildScopeServices$1
instanceKlass org/apache/ivy/plugins/matcher/Matcher
instanceKlass org/apache/ivy/plugins/matcher/AbstractPatternMatcher
instanceKlass org/gradle/api/internal/artifacts/ivyservice/ivyresolve/strategy/LatestVersionMatcher
instanceKlass org/gradle/api/internal/artifacts/ivyservice/ivyresolve/strategy/SubVersionMatcher
instanceKlass org/gradle/api/internal/artifacts/ivyservice/ivyresolve/strategy/ExactVersionMatcher
instanceKlass org/gradle/api/internal/artifacts/ivyservice/ivyresolve/strategy/VersionRangeMatcher
instanceKlass org/gradle/api/internal/artifacts/ivyservice/ivyresolve/strategy/ChainVersionMatcher
instanceKlass org/apache/ivy/plugins/matcher/PatternMatcher
instanceKlass org/gradle/plugin/use/resolve/service/internal/DeprecationListeningPluginResolutionServiceClient$1
instanceKlass org/gradle/plugin/use/resolve/service/internal/DeprecationListeningPluginResolutionServiceClient
instanceKlass org/gradle/plugin/use/resolve/service/internal/InMemoryCachingPluginResolutionServiceClient
instanceKlass org/gradle/plugin/use/resolve/service/internal/ClientStatus$Serializer
instanceKlass org/gradle/plugin/use/resolve/service/internal/PersistentCachingPluginResolutionServiceClient$ClientStatusKey$Serializer
instanceKlass org/gradle/cache/internal/DefaultCacheAccess$3
instanceKlass org/gradle/messaging/serialize/BaseSerializerFactory$StringMapSerializer
instanceKlass org/gradle/messaging/serialize/BaseSerializerFactory$ByteArraySerializer
instanceKlass org/gradle/messaging/serialize/BaseSerializerFactory$FileSerializer
instanceKlass org/gradle/messaging/serialize/BaseSerializerFactory$LongSerializer
instanceKlass org/gradle/messaging/serialize/BaseSerializerFactory$StringSerializer
instanceKlass org/gradle/messaging/serialize/BaseSerializerFactory
instanceKlass org/gradle/cache/PersistentIndexedCacheParameters
instanceKlass org/gradle/plugin/use/resolve/service/internal/PluginResolutionServiceClient$Response
instanceKlass org/gradle/plugin/use/resolve/service/internal/PersistentCachingPluginResolutionServiceClient$ResponseSerializer
instanceKlass org/gradle/plugin/use/resolve/service/internal/PluginUseMetaData$Serializer
instanceKlass org/gradle/plugin/use/resolve/service/internal/PersistentCachingPluginResolutionServiceClient$PluginRequestKey$Serializer
instanceKlass org/gradle/plugin/use/resolve/service/internal/PersistentCachingPluginResolutionServiceClient
instanceKlass org/gradle/cache/internal/DefaultCacheFactory$ReferenceTrackingCache
instanceKlass org/gradle/cache/internal/DefaultCacheFactory$DirCacheReference
instanceKlass org/gradle/cache/internal/cacheops/CacheAccessOperationsStack
instanceKlass org/gradle/cache/internal/DefaultPersistentDirectoryCache$Initializer
instanceKlass org/gradle/cache/internal/DefaultMultiProcessSafePersistentIndexedCache
instanceKlass org/gradle/cache/internal/MultiProcessSafePersistentIndexedCache
instanceKlass org/gradle/cache/internal/UnitOfWorkParticipant
instanceKlass org/gradle/cache/PersistentIndexedCache
instanceKlass org/gradle/cache/internal/DefaultCacheAccess
instanceKlass org/gradle/cache/internal/CacheInitializationAction
instanceKlass org/gradle/cache/internal/CacheCoordinator
instanceKlass org/gradle/cache/internal/DefaultPersistentDirectoryStore
instanceKlass org/gradle/cache/internal/DefaultCacheScopeMapping$1
instanceKlass org/gradle/cache/internal/DefaultCacheRepository$AbstractCacheBuilder
instanceKlass com/google/common/escape/Escaper$1
instanceKlass com/google/common/escape/Escaper
instanceKlass com/google/common/net/UrlEscapers
instanceKlass org/gradle/internal/resource/AbstractExternalResource
instanceKlass org/gradle/internal/resource/ExternalResource
instanceKlass org/gradle/internal/resource/transport/http/HttpResourceAccessor
instanceKlass org/gradle/internal/resource/transfer/ExternalResourceAccessor
instanceKlass org/apache/http/HttpEntity
instanceKlass org/apache/http/client/protocol/ResponseContentEncoding
instanceKlass org/apache/http/client/protocol/RequestAcceptEncoding
instanceKlass org/apache/http/HttpEntityEnclosingRequest
instanceKlass org/apache/http/impl/client/DecompressingHttpClient
instanceKlass org/gradle/internal/resource/UriResource
instanceKlass org/gradle/internal/resource/Resource
instanceKlass org/apache/http/util/VersionInfo
instanceKlass org/apache/http/params/HttpConnectionParams
instanceKlass org/apache/http/params/CoreConnectionPNames
instanceKlass org/apache/http/Consts
instanceKlass org/apache/http/protocol/HTTP
instanceKlass org/apache/http/params/HttpProtocolParams
instanceKlass org/apache/http/params/CoreProtocolPNames
instanceKlass org/apache/http/params/AbstractHttpParams
instanceKlass org/apache/http/params/HttpParamsNames
instanceKlass org/gradle/internal/resource/transport/http/HttpClientConfigurer$1
instanceKlass org/apache/http/impl/auth/KerberosSchemeFactory
instanceKlass org/apache/http/impl/auth/SPNegoSchemeFactory
instanceKlass org/apache/http/impl/auth/NTLMSchemeFactory
instanceKlass org/apache/http/impl/auth/DigestSchemeFactory
instanceKlass org/apache/http/impl/auth/BasicSchemeFactory
instanceKlass org/apache/http/auth/AuthSchemeRegistry
instanceKlass org/apache/http/impl/auth/NTLMEngine
instanceKlass org/gradle/internal/resource/transport/http/ntlm/NTLMSchemeFactory
instanceKlass org/apache/http/auth/Credentials
instanceKlass org/apache/http/auth/AuthScheme
instanceKlass org/gradle/internal/resource/transport/http/HttpClientConfigurer
instanceKlass org/apache/commons/logging/impl/SLF4JLog
instanceKlass org/apache/commons/logging/impl/SLF4JLocationAwareLog
instanceKlass org/apache/commons/logging/Log
instanceKlass org/apache/commons/logging/LogFactory
instanceKlass org/apache/http/ProtocolVersion
instanceKlass org/apache/http/HttpHost
instanceKlass org/apache/http/conn/ClientConnectionManager
instanceKlass org/apache/http/auth/AuthSchemeFactory
instanceKlass org/apache/http/cookie/CookieSpecFactory
instanceKlass org/apache/http/ConnectionReuseStrategy
instanceKlass org/apache/http/client/HttpRequestRetryHandler
instanceKlass org/apache/http/client/RedirectHandler
instanceKlass org/apache/http/client/CookieStore
instanceKlass org/apache/http/client/CredentialsProvider
instanceKlass org/apache/http/conn/routing/HttpRoutePlanner
instanceKlass org/apache/http/client/UserTokenHandler
instanceKlass org/apache/http/client/RedirectStrategy
instanceKlass org/apache/http/protocol/HttpProcessor
instanceKlass org/apache/http/HttpResponseInterceptor
instanceKlass org/apache/http/HttpRequestInterceptor
instanceKlass org/apache/http/client/RequestDirector
instanceKlass org/apache/http/params/HttpParams
instanceKlass org/apache/http/conn/ConnectionKeepAliveStrategy
instanceKlass org/apache/http/client/AuthenticationHandler
instanceKlass org/apache/http/client/AuthenticationStrategy
instanceKlass org/apache/http/protocol/BasicHttpContext
instanceKlass org/apache/commons/lang/StringUtils
instanceKlass org/gradle/internal/resource/transport/http/JavaSystemPropertiesHttpProxySettings
instanceKlass org/gradle/internal/resource/PasswordCredentials
instanceKlass org/gradle/internal/resource/transport/http/HttpProxySettings
instanceKlass org/gradle/internal/resource/transport/http/DefaultHttpSettings
instanceKlass org/apache/http/impl/client/AbstractHttpClient
instanceKlass org/apache/http/client/HttpClient
instanceKlass org/apache/http/message/AbstractHttpMessage
instanceKlass org/apache/http/client/methods/AbortableHttpRequest
instanceKlass org/apache/http/protocol/HttpContext
instanceKlass org/apache/http/client/methods/HttpUriRequest
instanceKlass org/apache/http/HttpRequest
instanceKlass org/apache/http/HttpMessage
instanceKlass org/gradle/internal/resource/transport/http/HttpClientHelper
instanceKlass org/gradle/api/internal/initialization/DefaultScriptHandlerFactory$1
instanceKlass org/gradle/api/internal/artifacts/ModuleInternal
instanceKlass org/gradle/api/artifacts/Module
instanceKlass org/gradle/internal/service/scopes/BuildScopeServices$DependencyMetaDataProviderImpl
instanceKlass org/gradle/api/internal/artifacts/DefaultDependencyManagementServices
instanceKlass org/gradle/api/initialization/dsl/ScriptHandler
instanceKlass org/gradle/api/internal/initialization/DefaultScriptHandlerFactory
instanceKlass org/gradle/groovy/scripts/ScriptSource
instanceKlass org/gradle/groovy/scripts/ScriptRunner
instanceKlass org/gradle/groovy/scripts/internal/DefaultScriptRunnerFactory
instanceKlass org/gradle/groovy/scripts/internal/ShortCircuitEmptyScriptCompiler
instanceKlass org/gradle/groovy/scripts/internal/CachingScriptClassCompiler
instanceKlass org/gradle/groovy/scripts/ScriptCompiler
instanceKlass org/gradle/groovy/scripts/DefaultScriptCompilerFactory
instanceKlass org/gradle/groovy/scripts/internal/DefaultScriptCompilationHandler
instanceKlass org/gradle/internal/service/scopes/BuildScopeServices$2
instanceKlass org/gradle/cache/CacheBuilder
instanceKlass org/gradle/cache/internal/DefaultCacheRepository
instanceKlass org/gradle/cache/internal/DefaultCacheScopeMapping
instanceKlass org/gradle/cache/internal/ReferencablePersistentCache
instanceKlass org/gradle/cache/PersistentCache
instanceKlass org/gradle/cache/internal/DefaultCacheFactory
instanceKlass org/gradle/groovy/scripts/internal/AsmBackedEmptyScriptGenerator
instanceKlass org/gradle/configuration/ScriptPlugin
instanceKlass org/gradle/configuration/DefaultScriptPluginFactory
instanceKlass org/gradle/internal/typeconversion/ErrorHandlingNotationParser
instanceKlass org/gradle/internal/typeconversion/CompositeNotationConverter
instanceKlass org/gradle/internal/typeconversion/NotationConvertResult
instanceKlass org/gradle/internal/typeconversion/NotationConverterToNotationParserAdapter
instanceKlass org/gradle/internal/typeconversion/TypeInfo
instanceKlass org/gradle/internal/typeconversion/NotationParserBuilder
instanceKlass org/gradle/api/internal/file/FileOrUriNotationParser
instanceKlass org/gradle/internal/typeconversion/NotationConverter
instanceKlass org/gradle/api/resources/ReadableResource
instanceKlass org/gradle/api/resources/Resource
instanceKlass org/gradle/internal/typeconversion/NotationParser
instanceKlass org/gradle/api/file/FileTree
instanceKlass org/gradle/api/file/FileCollection
instanceKlass org/gradle/api/Buildable
instanceKlass org/gradle/api/tasks/AntBuilderAware
instanceKlass org/gradle/api/internal/file/AbstractFileResolver
instanceKlass org/apache/commons/io/filefilter/IOFileFilter
instanceKlass org/apache/commons/io/FileUtils
instanceKlass com/google/common/hash/PrimitiveSink
instanceKlass com/google/common/io/CharSource
instanceKlass com/google/common/io/Closer$LoggingSuppressor
instanceKlass com/google/common/io/Closer$SuppressingSuppressor
instanceKlass com/google/common/io/Closer$Suppressor
instanceKlass com/google/common/io/Closer
instanceKlass com/google/common/io/CharSink
instanceKlass com/google/common/base/Charsets
instanceKlass org/gradle/internal/nativeintegration/filesystem/services/WindowsSymlink
